<?xml version="1.0" encoding="UTF-8"?>
<testng-results skipped="0" failed="0" ignored="0" total="1" passed="1">
  <reporter-output>
  </reporter-output>
  <suite name="Suite" duration-ms="8412" started-at="2018-12-07T01:46:18Z" finished-at="2018-12-07T01:46:27Z">
    <groups>
    </groups>
    <test name="Test" duration-ms="8412" started-at="2018-12-07T01:46:18Z" finished-at="2018-12-07T01:46:27Z">
      <class name="com.orangehrm.test.LoginTest">
        <test-method status="PASS" signature="start()[pri:0, instance:com.orangehrm.test.LoginTest@3f2a3a5]" name="start" is-config="true" duration-ms="6368" started-at="2018-12-07T01:46:18Z" finished-at="2018-12-07T01:46:25Z">
          <reporter-output>
          </reporter-output>
        </test-method> <!-- start -->
        <test-method status="PASS" signature="lgoin()[pri:0, instance:com.orangehrm.test.LoginTest@3f2a3a5]" name="lgoin" duration-ms="1299" started-at="2018-12-07T01:46:25Z" finished-at="2018-12-07T01:46:26Z">
          <reporter-output>
          </reporter-output>
        </test-method> <!-- lgoin -->
        <test-method status="PASS" signature="close()[pri:0, instance:com.orangehrm.test.LoginTest@3f2a3a5]" name="close" is-config="true" duration-ms="711" started-at="2018-12-07T01:46:26Z" finished-at="2018-12-07T01:46:27Z">
          <reporter-output>
          </reporter-output>
        </test-method> <!-- close -->
      </class> <!-- com.orangehrm.test.LoginTest -->
    </test> <!-- Test -->
  </suite> <!-- Suite -->
</testng-results>
