<?xml version="1.0" encoding="UTF-8"?>
<testng-results skipped="0" failed="0" ignored="0" total="1" passed="1">
  <reporter-output>
  </reporter-output>
  <suite name="Default suite" duration-ms="10506" started-at="2018-12-04T22:21:45Z" finished-at="2018-12-04T22:21:55Z">
    <groups>
    </groups>
    <test name="Default test" duration-ms="10506" started-at="2018-12-04T22:21:45Z" finished-at="2018-12-04T22:21:55Z">
      <class name="com.orangehrm.test.LoginTest">
        <test-method status="PASS" signature="start()[pri:0, instance:com.orangehrm.test.LoginTest@5e3a8624]" name="start" is-config="true" duration-ms="7954" started-at="2018-12-04T22:21:45Z" finished-at="2018-12-04T22:21:53Z">
          <reporter-output>
          </reporter-output>
        </test-method> <!-- start -->
        <test-method status="PASS" signature="lgoin()[pri:0, instance:com.orangehrm.test.LoginTest@5e3a8624]" name="lgoin" duration-ms="1704" started-at="2018-12-04T22:21:53Z" finished-at="2018-12-04T22:21:54Z">
          <reporter-output>
          </reporter-output>
        </test-method> <!-- lgoin -->
        <test-method status="PASS" signature="close()[pri:0, instance:com.orangehrm.test.LoginTest@5e3a8624]" name="close" is-config="true" duration-ms="804" started-at="2018-12-04T22:21:54Z" finished-at="2018-12-04T22:21:55Z">
          <reporter-output>
          </reporter-output>
        </test-method> <!-- close -->
      </class> <!-- com.orangehrm.test.LoginTest -->
    </test> <!-- Default test -->
  </suite> <!-- Default suite -->
</testng-results>
